<?xml version="1.0" encoding="UTF-8"?>
<!-- Generated by org.testng.reporters.JUnitXMLReporter -->
<testsuite ignored="2" hostname="LAPTOP-M7E35HJA" failures="4" tests="14" name="automation" time="100.365" errors="0" timestamp="2025-02-12T17:29:02 IST">
  <testcase classname="testscripts.LoginTest" name="verifyFacebookFeature" time="0.957">
    <failure type="java.lang.AssertionError" message="Not redirected to facebook page expected [https://facebook.com/] but found [https://sakshingp.github.io/assignment/login.html#]">
      <![CDATA[java.lang.AssertionError: Not redirected to facebook page expected [https://facebook.com/] but found [https://sakshingp.github.io/assignment/login.html#]
at testscripts.LoginTest.verifyFacebookFeature(LoginTest.java:132)
at java.base/java.util.ArrayList.forEach(ArrayList.java:1511)
... Removed 32 stack frames]]>
    </failure>
  </testcase> <!-- verifyFacebookFeature -->
  <testcase classname="testscripts.LoginTest" name="verifyLinkedinFeature" time="0.273">
    <failure type="java.lang.AssertionError" message="Not redirected to linkedin page expected [https://x.com/] but found [https://sakshingp.github.io/assignment/login.html#]">
      <![CDATA[java.lang.AssertionError: Not redirected to linkedin page expected [https://x.com/] but found [https://sakshingp.github.io/assignment/login.html#]
at testscripts.LoginTest.verifyLinkedinFeature(LoginTest.java:142)
at java.base/java.util.ArrayList.forEach(ArrayList.java:1511)
... Removed 32 stack frames]]>
    </failure>
  </testcase> <!-- verifyLinkedinFeature -->
  <testcase classname="testscripts.LoginTest" name="verifyLoginPage" time="0.019"/>
  <testcase classname="testscripts.LoginTest" name="verifyLoginWithAnyUnAndPwd" time="1.41"/>
  <testcase classname="testscripts.LoginTest" name="verifyLoginWithAnyUnAndPwd" time="0.863"/>
  <testcase classname="testscripts.LoginTest" name="verifyLoginWithAnyUnAndPwd" time="0.771"/>
  <testcase classname="testscripts.LoginTest" name="verifyLoginWithAnyUnAndPwd" time="1.308"/>
  <testcase classname="testscripts.LoginTest" name="verifyLoginWithEmptyCredentials" time="0.477"/>
  <testcase classname="testscripts.LoginTest" name="verifyLoginWithEmptyPassword" time="1.349"/>
  <testcase classname="testscripts.LoginTest" name="verifyLoginWithEmptyUsername" time="0.729"/>
  <testcase classname="testscripts.LoginTest" name="verifyLoginWithValidCredentials" time="1.116"/>
  <testcase classname="testscripts.LoginTest" name="verifyRememberMeFunctionality" time="7.494">
    <failure type="java.lang.AssertionError" message="User is not logged in after reopening the browser with &amp;apos;Remember Me&amp;apos; enabled expected [https://sakshingp.github.io/assignment/home.html] but found [https://sakshingp.github.io/assignment/login.html]">
      <![CDATA[java.lang.AssertionError: User is not logged in after reopening the browser with 'Remember Me' enabled expected [https://sakshingp.github.io/assignment/home.html] but found [https://sakshingp.github.io/assignment/login.html]
at testscripts.LoginTest.verifyRememberMeFunctionality(LoginTest.java:111)
at java.base/java.util.ArrayList.forEach(ArrayList.java:1511)
... Removed 32 stack frames]]>
    </failure>
  </testcase> <!-- verifyRememberMeFunctionality -->
  <testcase classname="testscripts.LoginTest" name="verifyTwitterFeature" time="0.197">
    <failure type="java.lang.AssertionError" message="Not redirected to twitter page expected [https://x.com/] but found [https://sakshingp.github.io/assignment/login.html#]">
      <![CDATA[java.lang.AssertionError: Not redirected to twitter page expected [https://x.com/] but found [https://sakshingp.github.io/assignment/login.html#]
at testscripts.LoginTest.verifyTwitterFeature(LoginTest.java:122)
at java.base/java.util.ArrayList.forEach(ArrayList.java:1511)
... Removed 32 stack frames]]>
    </failure>
  </testcase> <!-- verifyTwitterFeature -->
  <testcase classname="testscripts.AmountTest" name="verifyAmountSorting" time="1.426"/>
  <testcase classname="com.qawingify.genericutility.BaseClass" name="@AfterSuite tearDownExtent" time="0.0">
    <ignored/>
  </testcase> <!-- @AfterSuite tearDownExtent -->
  <testcase classname="com.qawingify.genericutility.BaseClass" name="@BeforeSuite setupExtent" time="0.0">
    <ignored/>
  </testcase> <!-- @BeforeSuite setupExtent -->
</testsuite> <!-- automation -->
